<?xml version="1.0" encoding="UTF-8"?>
<testng-results skipped="15" failed="0" total="15" passed="0">
  <reporter-output>
  </reporter-output>
  <suite name="TestSuite" duration-ms="74926" started-at="2016-09-20T18:53:45Z" finished-at="2016-09-20T18:55:00Z">
    <groups>
    </groups>
    <test name="Chrome Test" duration-ms="11625" started-at="2016-09-20T18:53:45Z" finished-at="2016-09-20T18:53:57Z">
      <class name="test.TestMenuNG">
        <test-method status="FAIL" signature="beforeMethod(java.lang.String)[pri:0, instance:test.TestMenuNG@490d6c15]" name="beforeMethod" is-config="true" duration-ms="0" started-at="2016-09-21T00:23:45Z" finished-at="2016-09-21T00:23:45Z">
          <params>
            <param index="0">
              <value>
                <![CDATA[chrome]]>
              </value>
            </param>
          </params>
          <exception class="org.openqa.selenium.WebDriverException">
            <message>
              <![CDATA[unknown error: cannot get automation extension
from chrome not reachable
  (Session info: chrome=53.0.2785.116)
  (Driver info: chromedriver=2.22.397933 (1cab651507b88dec79b2b2a22d1943c01833cc1b),platform=Windows NT 10.0.10586 x86_64) (WARNING: The server did not provide any stacktrace information)
Command duration or timeout: 2.08 seconds
Build info: version: '2.53.0', revision: '35ae25b', time: '2016-03-15 17:00:58'
System info: host: 'LAPTOP-KCS3PNGF', ip: '10.10.12.14', os.name: 'Windows 10', os.arch: 'amd64', os.version: '10.0', java.version: '1.8.0_91'
Driver info: org.openqa.selenium.chrome.ChromeDriver
Capabilities [{applicationCacheEnabled=false, rotatable=false, mobileEmulationEnabled=false, chrome={chromedriverVersion=2.22.397933 (1cab651507b88dec79b2b2a22d1943c01833cc1b), userDataDir=C:\Users\amit\AppData\Local\Temp\scoped_dir11144_17783}, takesHeapSnapshot=true, databaseEnabled=false, handlesAlerts=true, hasTouchScreen=false, version=53.0.2785.116, platform=XP, browserConnectionEnabled=false, nativeEvents=true, acceptSslCerts=true, locationContextEnabled=true, webStorageEnabled=true, browserName=chrome, takesScreenshot=true, javascriptEnabled=true, cssSelectorsEnabled=true}]
Session ID: 502496b2198f83db788a70a5d3bbeba6]]>
            </message>
            <full-stacktrace>
              <![CDATA[org.openqa.selenium.WebDriverException: unknown error: cannot get automation extension
from chrome not reachable
  (Session info: chrome=53.0.2785.116)
  (Driver info: chromedriver=2.22.397933 (1cab651507b88dec79b2b2a22d1943c01833cc1b),platform=Windows NT 10.0.10586 x86_64) (WARNING: The server did not provide any stacktrace information)
Command duration or timeout: 2.08 seconds
Build info: version: '2.53.0', revision: '35ae25b', time: '2016-03-15 17:00:58'
System info: host: 'LAPTOP-KCS3PNGF', ip: '10.10.12.14', os.name: 'Windows 10', os.arch: 'amd64', os.version: '10.0', java.version: '1.8.0_91'
Driver info: org.openqa.selenium.chrome.ChromeDriver
Capabilities [{applicationCacheEnabled=false, rotatable=false, mobileEmulationEnabled=false, chrome={chromedriverVersion=2.22.397933 (1cab651507b88dec79b2b2a22d1943c01833cc1b), userDataDir=C:\Users\amit\AppData\Local\Temp\scoped_dir11144_17783}, takesHeapSnapshot=true, databaseEnabled=false, handlesAlerts=true, hasTouchScreen=false, version=53.0.2785.116, platform=XP, browserConnectionEnabled=false, nativeEvents=true, acceptSslCerts=true, locationContextEnabled=true, webStorageEnabled=true, browserName=chrome, takesScreenshot=true, javascriptEnabled=true, cssSelectorsEnabled=true}]
Session ID: 502496b2198f83db788a70a5d3bbeba6
	at sun.reflect.NativeConstructorAccessorImpl.newInstance0(Native Method)
	at sun.reflect.NativeConstructorAccessorImpl.newInstance(Unknown Source)
	at sun.reflect.DelegatingConstructorAccessorImpl.newInstance(Unknown Source)
	at java.lang.reflect.Constructor.newInstance(Unknown Source)
	at org.openqa.selenium.remote.ErrorHandler.createThrowable(ErrorHandler.java:206)
	at org.openqa.selenium.remote.ErrorHandler.throwIfResponseFailed(ErrorHandler.java:158)
	at org.openqa.selenium.remote.RemoteWebDriver.execute(RemoteWebDriver.java:678)
	at org.openqa.selenium.remote.RemoteWebDriver$RemoteWebDriverOptions$RemoteWindow.maximize(RemoteWebDriver.java:945)
	at test.TestMenuNG.beforeMethod(TestMenuNG.java:46)
	at sun.reflect.NativeMethodAccessorImpl.invoke0(Native Method)
	at sun.reflect.NativeMethodAccessorImpl.invoke(Unknown Source)
	at sun.reflect.DelegatingMethodAccessorImpl.invoke(Unknown Source)
	at java.lang.reflect.Method.invoke(Unknown Source)
	at org.testng.internal.MethodInvocationHelper.invokeMethod(MethodInvocationHelper.java:85)
	at org.testng.internal.Invoker.invokeConfigurationMethod(Invoker.java:510)
	at org.testng.internal.Invoker.invokeConfigurations(Invoker.java:211)
	at org.testng.internal.Invoker.invokeMethod(Invoker.java:585)
	at org.testng.internal.Invoker.invokeTestMethod(Invoker.java:816)
	at org.testng.internal.Invoker.invokeTestMethods(Invoker.java:1124)
	at org.testng.internal.TestMethodWorker.invokeTestMethods(TestMethodWorker.java:125)
	at org.testng.internal.TestMethodWorker.run(TestMethodWorker.java:108)
	at org.testng.TestRunner.privateRun(TestRunner.java:774)
	at org.testng.TestRunner.run(TestRunner.java:624)
	at org.testng.SuiteRunner.runTest(SuiteRunner.java:359)
	at org.testng.SuiteRunner.runSequentially(SuiteRunner.java:354)
	at org.testng.SuiteRunner.privateRun(SuiteRunner.java:312)
	at org.testng.SuiteRunner.run(SuiteRunner.java:261)
	at org.testng.SuiteRunnerWorker.runSuite(SuiteRunnerWorker.java:52)
	at org.testng.SuiteRunnerWorker.run(SuiteRunnerWorker.java:86)
	at org.testng.TestNG.runSuitesSequentially(TestNG.java:1215)
	at org.testng.TestNG.runSuitesLocally(TestNG.java:1140)
	at org.testng.TestNG.run(TestNG.java:1048)
	at org.testng.TestNG.privateMain(TestNG.java:1355)
	at org.testng.TestNG.main(TestNG.java:1324)
]]>
            </full-stacktrace>
          </exception> <!-- org.openqa.selenium.WebDriverException -->
          <reporter-output>
          </reporter-output>
        </test-method> <!-- beforeMethod -->
        <test-method status="SKIP" signature="TopMenuBar()[pri:0, instance:test.TestMenuNG@490d6c15]" name="TopMenuBar" duration-ms="1" started-at="2016-09-21T00:23:57Z" finished-at="2016-09-21T00:23:57Z">
          <reporter-output>
          </reporter-output>
        </test-method> <!-- TopMenuBar -->
        <test-method status="SKIP" signature="afterMethod()[pri:0, instance:test.TestMenuNG@490d6c15]" name="afterMethod" is-config="true" duration-ms="0" started-at="2016-09-21T00:23:57Z" finished-at="2016-09-21T00:23:57Z">
          <reporter-output>
          </reporter-output>
        </test-method> <!-- afterMethod -->
        <test-method status="SKIP" signature="beforeMethod(java.lang.String)[pri:0, instance:test.TestMenuNG@490d6c15]" name="beforeMethod" is-config="true" duration-ms="0" started-at="2016-09-21T00:23:57Z" finished-at="2016-09-21T00:23:57Z">
          <reporter-output>
          </reporter-output>
        </test-method> <!-- beforeMethod -->
        <test-method status="SKIP" signature="TicketPrice()[pri:1, instance:test.TestMenuNG@490d6c15]" name="TicketPrice" duration-ms="0" started-at="2016-09-21T00:23:57Z" finished-at="2016-09-21T00:23:57Z">
          <reporter-output>
          </reporter-output>
        </test-method> <!-- TicketPrice -->
        <test-method status="SKIP" signature="afterMethod()[pri:0, instance:test.TestMenuNG@490d6c15]" name="afterMethod" is-config="true" duration-ms="0" started-at="2016-09-21T00:23:57Z" finished-at="2016-09-21T00:23:57Z">
          <reporter-output>
          </reporter-output>
        </test-method> <!-- afterMethod -->
        <test-method status="SKIP" signature="MapSection()[pri:2, instance:test.TestMenuNG@490d6c15]" name="MapSection" duration-ms="1" started-at="2016-09-21T00:23:57Z" finished-at="2016-09-21T00:23:57Z">
          <reporter-output>
          </reporter-output>
        </test-method> <!-- MapSection -->
        <test-method status="SKIP" signature="beforeMethod(java.lang.String)[pri:0, instance:test.TestMenuNG@490d6c15]" name="beforeMethod" is-config="true" duration-ms="0" started-at="2016-09-21T00:23:57Z" finished-at="2016-09-21T00:23:57Z">
          <reporter-output>
          </reporter-output>
        </test-method> <!-- beforeMethod -->
        <test-method status="SKIP" signature="afterMethod()[pri:0, instance:test.TestMenuNG@490d6c15]" name="afterMethod" is-config="true" duration-ms="0" started-at="2016-09-21T00:23:57Z" finished-at="2016-09-21T00:23:57Z">
          <reporter-output>
          </reporter-output>
        </test-method> <!-- afterMethod -->
        <test-method status="SKIP" signature="afterMethod()[pri:0, instance:test.TestMenuNG@490d6c15]" name="afterMethod" is-config="true" duration-ms="0" started-at="2016-09-21T00:23:57Z" finished-at="2016-09-21T00:23:57Z">
          <reporter-output>
          </reporter-output>
        </test-method> <!-- afterMethod -->
        <test-method status="SKIP" signature="PremiumView()[pri:3, instance:test.TestMenuNG@490d6c15]" name="PremiumView" duration-ms="0" started-at="2016-09-21T00:23:57Z" finished-at="2016-09-21T00:23:57Z">
          <reporter-output>
          </reporter-output>
        </test-method> <!-- PremiumView -->
        <test-method status="SKIP" signature="beforeMethod(java.lang.String)[pri:0, instance:test.TestMenuNG@490d6c15]" name="beforeMethod" is-config="true" duration-ms="0" started-at="2016-09-21T00:23:57Z" finished-at="2016-09-21T00:23:57Z">
          <reporter-output>
          </reporter-output>
        </test-method> <!-- beforeMethod -->
        <test-method status="SKIP" signature="beforeMethod(java.lang.String)[pri:0, instance:test.TestMenuNG@490d6c15]" name="beforeMethod" is-config="true" duration-ms="0" started-at="2016-09-21T00:23:57Z" finished-at="2016-09-21T00:23:57Z">
          <reporter-output>
          </reporter-output>
        </test-method> <!-- beforeMethod -->
        <test-method status="SKIP" signature="afterMethod()[pri:0, instance:test.TestMenuNG@490d6c15]" name="afterMethod" is-config="true" duration-ms="0" started-at="2016-09-21T00:23:57Z" finished-at="2016-09-21T00:23:57Z">
          <reporter-output>
          </reporter-output>
        </test-method> <!-- afterMethod -->
        <test-method status="SKIP" signature="MvpSuite()[pri:4, instance:test.TestMenuNG@490d6c15]" name="MvpSuite" duration-ms="0" started-at="2016-09-21T00:23:57Z" finished-at="2016-09-21T00:23:57Z">
          <reporter-output>
          </reporter-output>
        </test-method> <!-- MvpSuite -->
      </class> <!-- test.TestMenuNG -->
    </test> <!-- Chrome Test -->
    <test name="Firefox Test" duration-ms="47747" started-at="2016-09-20T18:53:57Z" finished-at="2016-09-20T18:54:45Z">
      <class name="test.TestMenuNG">
        <test-method status="FAIL" signature="beforeMethod(java.lang.String)[pri:0, instance:test.TestMenuNG@12bc6874]" name="beforeMethod" is-config="true" duration-ms="0" started-at="2016-09-21T00:23:57Z" finished-at="2016-09-21T00:23:57Z">
          <params>
            <param index="0">
              <value>
                <![CDATA[Firefox]]>
              </value>
            </param>
          </params>
          <exception class="org.openqa.selenium.NoSuchWindowException">
            <message>
              <![CDATA[no such window: target window already closed
from unknown error: web view not found
  (Session info: chrome=53.0.2785.116)
  (Driver info: chromedriver=2.22.397933 (1cab651507b88dec79b2b2a22d1943c01833cc1b),platform=Windows NT 10.0.10586 x86_64) (WARNING: The server did not provide any stacktrace information)
Command duration or timeout: 7 milliseconds
Build info: version: '2.53.0', revision: '35ae25b', time: '2016-03-15 17:00:58'
System info: host: 'LAPTOP-KCS3PNGF', ip: '10.10.12.14', os.name: 'Windows 10', os.arch: 'amd64', os.version: '10.0', java.version: '1.8.0_91'
Driver info: org.openqa.selenium.chrome.ChromeDriver
Capabilities [{applicationCacheEnabled=false, rotatable=false, mobileEmulationEnabled=false, chrome={chromedriverVersion=2.22.397933 (1cab651507b88dec79b2b2a22d1943c01833cc1b), userDataDir=C:\Users\amit\AppData\Local\Temp\scoped_dir11144_17783}, takesHeapSnapshot=true, databaseEnabled=false, handlesAlerts=true, hasTouchScreen=false, version=53.0.2785.116, platform=XP, browserConnectionEnabled=false, nativeEvents=true, acceptSslCerts=true, locationContextEnabled=true, webStorageEnabled=true, browserName=chrome, takesScreenshot=true, javascriptEnabled=true, cssSelectorsEnabled=true}]
Session ID: 502496b2198f83db788a70a5d3bbeba6]]>
            </message>
            <full-stacktrace>
              <![CDATA[org.openqa.selenium.NoSuchWindowException: no such window: target window already closed
from unknown error: web view not found
  (Session info: chrome=53.0.2785.116)
  (Driver info: chromedriver=2.22.397933 (1cab651507b88dec79b2b2a22d1943c01833cc1b),platform=Windows NT 10.0.10586 x86_64) (WARNING: The server did not provide any stacktrace information)
Command duration or timeout: 7 milliseconds
Build info: version: '2.53.0', revision: '35ae25b', time: '2016-03-15 17:00:58'
System info: host: 'LAPTOP-KCS3PNGF', ip: '10.10.12.14', os.name: 'Windows 10', os.arch: 'amd64', os.version: '10.0', java.version: '1.8.0_91'
Driver info: org.openqa.selenium.chrome.ChromeDriver
Capabilities [{applicationCacheEnabled=false, rotatable=false, mobileEmulationEnabled=false, chrome={chromedriverVersion=2.22.397933 (1cab651507b88dec79b2b2a22d1943c01833cc1b), userDataDir=C:\Users\amit\AppData\Local\Temp\scoped_dir11144_17783}, takesHeapSnapshot=true, databaseEnabled=false, handlesAlerts=true, hasTouchScreen=false, version=53.0.2785.116, platform=XP, browserConnectionEnabled=false, nativeEvents=true, acceptSslCerts=true, locationContextEnabled=true, webStorageEnabled=true, browserName=chrome, takesScreenshot=true, javascriptEnabled=true, cssSelectorsEnabled=true}]
Session ID: 502496b2198f83db788a70a5d3bbeba6
	at sun.reflect.NativeConstructorAccessorImpl.newInstance0(Native Method)
	at sun.reflect.NativeConstructorAccessorImpl.newInstance(Unknown Source)
	at sun.reflect.DelegatingConstructorAccessorImpl.newInstance(Unknown Source)
	at java.lang.reflect.Constructor.newInstance(Unknown Source)
	at org.openqa.selenium.remote.ErrorHandler.createThrowable(ErrorHandler.java:206)
	at org.openqa.selenium.remote.ErrorHandler.throwIfResponseFailed(ErrorHandler.java:158)
	at org.openqa.selenium.remote.RemoteWebDriver.execute(RemoteWebDriver.java:678)
	at org.openqa.selenium.remote.RemoteWebDriver.get(RemoteWebDriver.java:316)
	at org.openqa.selenium.remote.RemoteWebDriver$RemoteNavigation.to(RemoteWebDriver.java:969)
	at test.TestMenuNG.beforeMethod(TestMenuNG.java:45)
	at sun.reflect.NativeMethodAccessorImpl.invoke0(Native Method)
	at sun.reflect.NativeMethodAccessorImpl.invoke(Unknown Source)
	at sun.reflect.DelegatingMethodAccessorImpl.invoke(Unknown Source)
	at java.lang.reflect.Method.invoke(Unknown Source)
	at org.testng.internal.MethodInvocationHelper.invokeMethod(MethodInvocationHelper.java:85)
	at org.testng.internal.Invoker.invokeConfigurationMethod(Invoker.java:510)
	at org.testng.internal.Invoker.invokeConfigurations(Invoker.java:211)
	at org.testng.internal.Invoker.invokeMethod(Invoker.java:585)
	at org.testng.internal.Invoker.invokeTestMethod(Invoker.java:816)
	at org.testng.internal.Invoker.invokeTestMethods(Invoker.java:1124)
	at org.testng.internal.TestMethodWorker.invokeTestMethods(TestMethodWorker.java:125)
	at org.testng.internal.TestMethodWorker.run(TestMethodWorker.java:108)
	at org.testng.TestRunner.privateRun(TestRunner.java:774)
	at org.testng.TestRunner.run(TestRunner.java:624)
	at org.testng.SuiteRunner.runTest(SuiteRunner.java:359)
	at org.testng.SuiteRunner.runSequentially(SuiteRunner.java:354)
	at org.testng.SuiteRunner.privateRun(SuiteRunner.java:312)
	at org.testng.SuiteRunner.run(SuiteRunner.java:261)
	at org.testng.SuiteRunnerWorker.runSuite(SuiteRunnerWorker.java:52)
	at org.testng.SuiteRunnerWorker.run(SuiteRunnerWorker.java:86)
	at org.testng.TestNG.runSuitesSequentially(TestNG.java:1215)
	at org.testng.TestNG.runSuitesLocally(TestNG.java:1140)
	at org.testng.TestNG.run(TestNG.java:1048)
	at org.testng.TestNG.privateMain(TestNG.java:1355)
	at org.testng.TestNG.main(TestNG.java:1324)
]]>
            </full-stacktrace>
          </exception> <!-- org.openqa.selenium.NoSuchWindowException -->
          <reporter-output>
          </reporter-output>
        </test-method> <!-- beforeMethod -->
        <test-method status="SKIP" signature="beforeMethod(java.lang.String)[pri:0, instance:test.TestMenuNG@12bc6874]" name="beforeMethod" is-config="true" duration-ms="0" started-at="2016-09-21T00:24:45Z" finished-at="2016-09-21T00:24:45Z">
          <reporter-output>
          </reporter-output>
        </test-method> <!-- beforeMethod -->
        <test-method status="SKIP" signature="TopMenuBar()[pri:0, instance:test.TestMenuNG@12bc6874]" name="TopMenuBar" duration-ms="0" started-at="2016-09-21T00:24:45Z" finished-at="2016-09-21T00:24:45Z">
          <reporter-output>
          </reporter-output>
        </test-method> <!-- TopMenuBar -->
        <test-method status="SKIP" signature="afterMethod()[pri:0, instance:test.TestMenuNG@12bc6874]" name="afterMethod" is-config="true" duration-ms="0" started-at="2016-09-21T00:24:45Z" finished-at="2016-09-21T00:24:45Z">
          <reporter-output>
          </reporter-output>
        </test-method> <!-- afterMethod -->
        <test-method status="SKIP" signature="beforeMethod(java.lang.String)[pri:0, instance:test.TestMenuNG@12bc6874]" name="beforeMethod" is-config="true" duration-ms="0" started-at="2016-09-21T00:24:45Z" finished-at="2016-09-21T00:24:45Z">
          <reporter-output>
          </reporter-output>
        </test-method> <!-- beforeMethod -->
        <test-method status="SKIP" signature="TicketPrice()[pri:1, instance:test.TestMenuNG@12bc6874]" name="TicketPrice" duration-ms="0" started-at="2016-09-21T00:24:45Z" finished-at="2016-09-21T00:24:45Z">
          <reporter-output>
          </reporter-output>
        </test-method> <!-- TicketPrice -->
        <test-method status="SKIP" signature="afterMethod()[pri:0, instance:test.TestMenuNG@12bc6874]" name="afterMethod" is-config="true" duration-ms="0" started-at="2016-09-21T00:24:45Z" finished-at="2016-09-21T00:24:45Z">
          <reporter-output>
          </reporter-output>
        </test-method> <!-- afterMethod -->
        <test-method status="SKIP" signature="MapSection()[pri:2, instance:test.TestMenuNG@12bc6874]" name="MapSection" duration-ms="0" started-at="2016-09-21T00:24:45Z" finished-at="2016-09-21T00:24:45Z">
          <reporter-output>
          </reporter-output>
        </test-method> <!-- MapSection -->
        <test-method status="SKIP" signature="afterMethod()[pri:0, instance:test.TestMenuNG@12bc6874]" name="afterMethod" is-config="true" duration-ms="0" started-at="2016-09-21T00:24:45Z" finished-at="2016-09-21T00:24:45Z">
          <reporter-output>
          </reporter-output>
        </test-method> <!-- afterMethod -->
        <test-method status="SKIP" signature="beforeMethod(java.lang.String)[pri:0, instance:test.TestMenuNG@12bc6874]" name="beforeMethod" is-config="true" duration-ms="0" started-at="2016-09-21T00:24:45Z" finished-at="2016-09-21T00:24:45Z">
          <reporter-output>
          </reporter-output>
        </test-method> <!-- beforeMethod -->
        <test-method status="SKIP" signature="beforeMethod(java.lang.String)[pri:0, instance:test.TestMenuNG@12bc6874]" name="beforeMethod" is-config="true" duration-ms="0" started-at="2016-09-21T00:24:45Z" finished-at="2016-09-21T00:24:45Z">
          <reporter-output>
          </reporter-output>
        </test-method> <!-- beforeMethod -->
        <test-method status="SKIP" signature="afterMethod()[pri:0, instance:test.TestMenuNG@12bc6874]" name="afterMethod" is-config="true" duration-ms="0" started-at="2016-09-21T00:24:45Z" finished-at="2016-09-21T00:24:45Z">
          <reporter-output>
          </reporter-output>
        </test-method> <!-- afterMethod -->
        <test-method status="SKIP" signature="PremiumView()[pri:3, instance:test.TestMenuNG@12bc6874]" name="PremiumView" duration-ms="0" started-at="2016-09-21T00:24:45Z" finished-at="2016-09-21T00:24:45Z">
          <reporter-output>
          </reporter-output>
        </test-method> <!-- PremiumView -->
        <test-method status="SKIP" signature="afterMethod()[pri:0, instance:test.TestMenuNG@12bc6874]" name="afterMethod" is-config="true" duration-ms="0" started-at="2016-09-21T00:24:45Z" finished-at="2016-09-21T00:24:45Z">
          <reporter-output>
          </reporter-output>
        </test-method> <!-- afterMethod -->
        <test-method status="SKIP" signature="MvpSuite()[pri:4, instance:test.TestMenuNG@12bc6874]" name="MvpSuite" duration-ms="0" started-at="2016-09-21T00:24:45Z" finished-at="2016-09-21T00:24:45Z">
          <reporter-output>
          </reporter-output>
        </test-method> <!-- MvpSuite -->
      </class> <!-- test.TestMenuNG -->
    </test> <!-- Firefox Test -->
    <test name="Internet Explorer Test" duration-ms="15315" started-at="2016-09-20T18:54:45Z" finished-at="2016-09-20T18:55:00Z">
      <class name="test.TestMenuNG">
        <test-method status="FAIL" signature="beforeMethod(java.lang.String)[pri:0, instance:test.TestMenuNG@5d3411d]" name="beforeMethod" is-config="true" duration-ms="0" started-at="2016-09-21T00:24:45Z" finished-at="2016-09-21T00:24:45Z">
          <params>
            <param index="0">
              <value>
                <![CDATA[IE]]>
              </value>
            </param>
          </params>
          <exception class="org.openqa.selenium.InvalidSelectorException">
            <message>
              <![CDATA[The xpath expression './/*[@id='step-one']/div/a[1]' cannot be evaluated or does notresult in a WebElement (WARNING: The server did not provide any stacktrace information)
Command duration or timeout: 1.96 seconds
For documentation on this error, please visit: http://seleniumhq.org/exceptions/invalid_selector_exception.html
Build info: version: '2.53.0', revision: '35ae25b', time: '2016-03-15 17:00:58'
System info: host: 'LAPTOP-KCS3PNGF', ip: '10.10.12.14', os.name: 'Windows 10', os.arch: 'amd64', os.version: '10.0', java.version: '1.8.0_91'
Driver info: org.openqa.selenium.ie.InternetExplorerDriver
Capabilities [{browserAttachTimeout=0, enablePersistentHover=true, ie.forceCreateProcessApi=false, ie.usePerProcessProxy=false, ignoreZoomSetting=false, handlesAlerts=true, version=11, platform=WINDOWS, nativeEvents=true, ie.ensureCleanSession=false, elementScrollBehavior=0, ie.browserCommandLineSwitches=, requireWindowFocus=false, browserName=internet explorer, initialBrowserUrl=http://localhost:41452/, takesScreenshot=true, javascriptEnabled=true, ignoreProtectedModeSettings=false, enableElementCacheCleanup=true, cssSelectorsEnabled=true, unexpectedAlertBehaviour=dismiss}]
Session ID: ee43b35f-0de8-4a73-9ae9-b94fb71b86be
*** Element info: {Using=xpath, value=.//*[@id='step-one']/div/a[1]}]]>
            </message>
            <full-stacktrace>
              <![CDATA[org.openqa.selenium.InvalidSelectorException: The xpath expression './/*[@id='step-one']/div/a[1]' cannot be evaluated or does notresult in a WebElement (WARNING: The server did not provide any stacktrace information)
Command duration or timeout: 1.96 seconds
For documentation on this error, please visit: http://seleniumhq.org/exceptions/invalid_selector_exception.html
Build info: version: '2.53.0', revision: '35ae25b', time: '2016-03-15 17:00:58'
System info: host: 'LAPTOP-KCS3PNGF', ip: '10.10.12.14', os.name: 'Windows 10', os.arch: 'amd64', os.version: '10.0', java.version: '1.8.0_91'
Driver info: org.openqa.selenium.ie.InternetExplorerDriver
Capabilities [{browserAttachTimeout=0, enablePersistentHover=true, ie.forceCreateProcessApi=false, ie.usePerProcessProxy=false, ignoreZoomSetting=false, handlesAlerts=true, version=11, platform=WINDOWS, nativeEvents=true, ie.ensureCleanSession=false, elementScrollBehavior=0, ie.browserCommandLineSwitches=, requireWindowFocus=false, browserName=internet explorer, initialBrowserUrl=http://localhost:41452/, takesScreenshot=true, javascriptEnabled=true, ignoreProtectedModeSettings=false, enableElementCacheCleanup=true, cssSelectorsEnabled=true, unexpectedAlertBehaviour=dismiss}]
Session ID: ee43b35f-0de8-4a73-9ae9-b94fb71b86be
*** Element info: {Using=xpath, value=.//*[@id='step-one']/div/a[1]}
	at sun.reflect.NativeConstructorAccessorImpl.newInstance0(Native Method)
	at sun.reflect.NativeConstructorAccessorImpl.newInstance(Unknown Source)
	at sun.reflect.DelegatingConstructorAccessorImpl.newInstance(Unknown Source)
	at java.lang.reflect.Constructor.newInstance(Unknown Source)
	at org.openqa.selenium.remote.ErrorHandler.createThrowable(ErrorHandler.java:206)
	at org.openqa.selenium.remote.ErrorHandler.throwIfResponseFailed(ErrorHandler.java:158)
	at org.openqa.selenium.remote.RemoteWebDriver.execute(RemoteWebDriver.java:678)
	at org.openqa.selenium.remote.RemoteWebDriver.findElement(RemoteWebDriver.java:363)
	at org.openqa.selenium.remote.RemoteWebDriver.findElementByXPath(RemoteWebDriver.java:500)
	at org.openqa.selenium.By$ByXPath.findElement(By.java:361)
	at org.openqa.selenium.remote.RemoteWebDriver.findElement(RemoteWebDriver.java:355)
	at utility.TestHelper.ExitButton(TestHelper.java:94)
	at test.TestMenuNG.beforeMethod(TestMenuNG.java:48)
	at sun.reflect.NativeMethodAccessorImpl.invoke0(Native Method)
	at sun.reflect.NativeMethodAccessorImpl.invoke(Unknown Source)
	at sun.reflect.DelegatingMethodAccessorImpl.invoke(Unknown Source)
	at java.lang.reflect.Method.invoke(Unknown Source)
	at org.testng.internal.MethodInvocationHelper.invokeMethod(MethodInvocationHelper.java:85)
	at org.testng.internal.Invoker.invokeConfigurationMethod(Invoker.java:510)
	at org.testng.internal.Invoker.invokeConfigurations(Invoker.java:211)
	at org.testng.internal.Invoker.invokeMethod(Invoker.java:585)
	at org.testng.internal.Invoker.invokeTestMethod(Invoker.java:816)
	at org.testng.internal.Invoker.invokeTestMethods(Invoker.java:1124)
	at org.testng.internal.TestMethodWorker.invokeTestMethods(TestMethodWorker.java:125)
	at org.testng.internal.TestMethodWorker.run(TestMethodWorker.java:108)
	at org.testng.TestRunner.privateRun(TestRunner.java:774)
	at org.testng.TestRunner.run(TestRunner.java:624)
	at org.testng.SuiteRunner.runTest(SuiteRunner.java:359)
	at org.testng.SuiteRunner.runSequentially(SuiteRunner.java:354)
	at org.testng.SuiteRunner.privateRun(SuiteRunner.java:312)
	at org.testng.SuiteRunner.run(SuiteRunner.java:261)
	at org.testng.SuiteRunnerWorker.runSuite(SuiteRunnerWorker.java:52)
	at org.testng.SuiteRunnerWorker.run(SuiteRunnerWorker.java:86)
	at org.testng.TestNG.runSuitesSequentially(TestNG.java:1215)
	at org.testng.TestNG.runSuitesLocally(TestNG.java:1140)
	at org.testng.TestNG.run(TestNG.java:1048)
	at org.testng.TestNG.privateMain(TestNG.java:1355)
	at org.testng.TestNG.main(TestNG.java:1324)
]]>
            </full-stacktrace>
          </exception> <!-- org.openqa.selenium.InvalidSelectorException -->
          <reporter-output>
          </reporter-output>
        </test-method> <!-- beforeMethod -->
        <test-method status="SKIP" signature="TopMenuBar()[pri:0, instance:test.TestMenuNG@5d3411d]" name="TopMenuBar" duration-ms="0" started-at="2016-09-21T00:25:00Z" finished-at="2016-09-21T00:25:00Z">
          <reporter-output>
          </reporter-output>
        </test-method> <!-- TopMenuBar -->
        <test-method status="SKIP" signature="beforeMethod(java.lang.String)[pri:0, instance:test.TestMenuNG@5d3411d]" name="beforeMethod" is-config="true" duration-ms="0" started-at="2016-09-21T00:25:00Z" finished-at="2016-09-21T00:25:00Z">
          <reporter-output>
          </reporter-output>
        </test-method> <!-- beforeMethod -->
        <test-method status="SKIP" signature="afterMethod()[pri:0, instance:test.TestMenuNG@5d3411d]" name="afterMethod" is-config="true" duration-ms="0" started-at="2016-09-21T00:25:00Z" finished-at="2016-09-21T00:25:00Z">
          <reporter-output>
          </reporter-output>
        </test-method> <!-- afterMethod -->
        <test-method status="SKIP" signature="afterMethod()[pri:0, instance:test.TestMenuNG@5d3411d]" name="afterMethod" is-config="true" duration-ms="0" started-at="2016-09-21T00:25:00Z" finished-at="2016-09-21T00:25:00Z">
          <reporter-output>
          </reporter-output>
        </test-method> <!-- afterMethod -->
        <test-method status="SKIP" signature="TicketPrice()[pri:1, instance:test.TestMenuNG@5d3411d]" name="TicketPrice" duration-ms="0" started-at="2016-09-21T00:25:00Z" finished-at="2016-09-21T00:25:00Z">
          <reporter-output>
          </reporter-output>
        </test-method> <!-- TicketPrice -->
        <test-method status="SKIP" signature="afterMethod()[pri:0, instance:test.TestMenuNG@5d3411d]" name="afterMethod" is-config="true" duration-ms="0" started-at="2016-09-21T00:25:00Z" finished-at="2016-09-21T00:25:00Z">
          <reporter-output>
          </reporter-output>
        </test-method> <!-- afterMethod -->
        <test-method status="SKIP" signature="beforeMethod(java.lang.String)[pri:0, instance:test.TestMenuNG@5d3411d]" name="beforeMethod" is-config="true" duration-ms="0" started-at="2016-09-21T00:25:00Z" finished-at="2016-09-21T00:25:00Z">
          <reporter-output>
          </reporter-output>
        </test-method> <!-- beforeMethod -->
        <test-method status="SKIP" signature="beforeMethod(java.lang.String)[pri:0, instance:test.TestMenuNG@5d3411d]" name="beforeMethod" is-config="true" duration-ms="0" started-at="2016-09-21T00:25:00Z" finished-at="2016-09-21T00:25:00Z">
          <reporter-output>
          </reporter-output>
        </test-method> <!-- beforeMethod -->
        <test-method status="SKIP" signature="MapSection()[pri:2, instance:test.TestMenuNG@5d3411d]" name="MapSection" duration-ms="0" started-at="2016-09-21T00:25:00Z" finished-at="2016-09-21T00:25:00Z">
          <reporter-output>
          </reporter-output>
        </test-method> <!-- MapSection -->
        <test-method status="SKIP" signature="afterMethod()[pri:0, instance:test.TestMenuNG@5d3411d]" name="afterMethod" is-config="true" duration-ms="0" started-at="2016-09-21T00:25:00Z" finished-at="2016-09-21T00:25:00Z">
          <reporter-output>
          </reporter-output>
        </test-method> <!-- afterMethod -->
        <test-method status="SKIP" signature="MvpSuite()[pri:4, instance:test.TestMenuNG@5d3411d]" name="MvpSuite" duration-ms="0" started-at="2016-09-21T00:25:00Z" finished-at="2016-09-21T00:25:00Z">
          <reporter-output>
          </reporter-output>
        </test-method> <!-- MvpSuite -->
        <test-method status="SKIP" signature="beforeMethod(java.lang.String)[pri:0, instance:test.TestMenuNG@5d3411d]" name="beforeMethod" is-config="true" duration-ms="0" started-at="2016-09-21T00:25:00Z" finished-at="2016-09-21T00:25:00Z">
          <reporter-output>
          </reporter-output>
        </test-method> <!-- beforeMethod -->
        <test-method status="SKIP" signature="PremiumView()[pri:3, instance:test.TestMenuNG@5d3411d]" name="PremiumView" duration-ms="0" started-at="2016-09-21T00:25:00Z" finished-at="2016-09-21T00:25:00Z">
          <reporter-output>
          </reporter-output>
        </test-method> <!-- PremiumView -->
        <test-method status="SKIP" signature="afterMethod()[pri:0, instance:test.TestMenuNG@5d3411d]" name="afterMethod" is-config="true" duration-ms="0" started-at="2016-09-21T00:25:00Z" finished-at="2016-09-21T00:25:00Z">
          <reporter-output>
          </reporter-output>
        </test-method> <!-- afterMethod -->
      </class> <!-- test.TestMenuNG -->
    </test> <!-- Internet Explorer Test -->
  </suite> <!-- TestSuite -->
</testng-results>
